-------------------------------------------------------------------------------
Test set: com.liftmoose.tibbers.Example2Test
-------------------------------------------------------------------------------
Tests run: 1, Failures: 1, Errors: 0, Skipped: 0, Time elapsed: 0.021 sec <<< FAILURE! - in com.liftmoose.tibbers.Example2Test
warning(junit.framework.TestSuite$1)  Time elapsed: 0.006 sec  <<< FAILURE!
junit.framework.AssertionFailedError: No tests found in com.liftmoose.tibbers.Example2Test
	at junit.framework.Assert.fail(Assert.java:57)
	at junit.framework.TestCase.fail(TestCase.java:227)
	at junit.framework.TestSuite$1.runTest(TestSuite.java:100)

